# JRE version: OpenJDK Runtime Environment (8.0_152-b06) (build 1.8.0_152-release-1136-b06)
# Java VM: OpenJDK 64-Bit Server VM (25.152-b06 mixed mode windows-amd64 compressed oops)
Heap:
 PSYoungGen      total 137728K, used 79112K [0x00000000eab00000, 0x00000000f6880000, 0x0000000100000000)
  eden space 125440K, 63% used [0x00000000eab00000,0x00000000ef8423a0,0x00000000f2580000)
  from space 12288K, 0% used [0x00000000f3300000,0x00000000f3300000,0x00000000f3f00000)
  to   space 13824K, 0% used [0x00000000f2580000,0x00000000f2580000,0x00000000f3300000)
 ParOldGen       total 65024K, used 16147K [0x00000000c0000000, 0x00000000c3f80000, 0x00000000eab00000)
  object space 65024K, 24% used [0x00000000c0000000,0x00000000c0fc4cd8,0x00000000c3f80000)
 Metaspace       used 42108K, capacity 42858K, committed 43096K, reserved 1087488K
  class space    used 5662K, capacity 5904K, committed 6016K, reserved 1048576K
GC Heap History (10 events):
Event: 7.061 GC heap before
{Heap before GC invocations=6 (full 1):
 PSYoungGen      total 70656K, used 5119K [0x00000000eab00000, 0x00000000f4000000, 0x0000000100000000)
  eden space 65536K, 0% used [0x00000000eab00000,0x00000000eab00000,0x00000000eeb00000)
  from space 5120K, 99% used [0x00000000eeb00000,0x00000000eefffe60,0x00000000ef000000)
  to   space 10752K, 0% used [0x00000000f3580000,0x00000000f3580000,0x00000000f4000000)
 ParOldGen       total 86016K, used 8739K [0x00000000c0000000, 0x00000000c5400000, 0x00000000eab00000)
  object space 86016K, 10% used [0x00000000c0000000,0x00000000c0888db8,0x00000000c5400000)
 Metaspace       used 20763K, capacity 21138K, committed 21248K, reserved 1067008K
  class space    used 2881K, capacity 3041K, committed 3072K, reserved 1048576K
Event: 7.191 GC heap after
Heap after GC invocations=6 (full 1):
 PSYoungGen      total 70656K, used 0K [0x00000000eab00000, 0x00000000f4000000, 0x0000000100000000)
  eden space 65536K, 0% used [0x00000000eab00000,0x00000000eab00000,0x00000000eeb00000)
  from space 5120K, 0% used [0x00000000eeb00000,0x00000000eeb00000,0x00000000ef000000)
  to   space 10752K, 0% used [0x00000000f3580000,0x00000000f3580000,0x00000000f4000000)
 ParOldGen       total 65024K, used 8890K [0x00000000c0000000, 0x00000000c3f80000, 0x00000000eab00000)
  object space 65024K, 13% used [0x00000000c0000000,0x00000000c08aeab0,0x00000000c3f80000)
 Metaspace       used 20763K, capacity 21138K, committed 21248K, reserved 1067008K
  class space    used 2881K, capacity 3041K, committed 3072K, reserved 1048576K
}
Event: 9.258 GC heap before
{Heap before GC invocations=7 (full 1):
 PSYoungGen      total 70656K, used 65536K [0x00000000eab00000, 0x00000000f4000000, 0x0000000100000000)
  eden space 65536K, 100% used [0x00000000eab00000,0x00000000eeb00000,0x00000000eeb00000)
  from space 5120K, 0% used [0x00000000eeb00000,0x00000000eeb00000,0x00000000ef000000)
  to   space 10752K, 0% used [0x00000000f3580000,0x00000000f3580000,0x00000000f4000000)
 ParOldGen       total 65024K, used 8890K [0x00000000c0000000, 0x00000000c3f80000, 0x00000000eab00000)
  object space 65024K, 13% used [0x00000000c0000000,0x00000000c08aeab0,0x00000000c3f80000)
 Metaspace       used 28008K, capacity 28494K, committed 28544K, reserved 1073152K
  class space    used 3794K, capacity 3954K, committed 3968K, reserved 1048576K
Event: 9.269 GC heap after
Heap after GC invocations=7 (full 1):
 PSYoungGen      total 99840K, used 7814K [0x00000000eab00000, 0x00000000f3d80000, 0x0000000100000000)
  eden space 91648K, 0% used [0x00000000eab00000,0x00000000eab00000,0x00000000f0480000)
  from space 8192K, 95% used [0x00000000f3580000,0x00000000f3d21ac8,0x00000000f3d80000)
  to   space 10752K, 0% used [0x00000000f2880000,0x00000000f2880000,0x00000000f3300000)
 ParOldGen       total 65024K, used 8898K [0x00000000c0000000, 0x00000000c3f80000, 0x00000000eab00000)
  object space 65024K, 13% used [0x00000000c0000000,0x00000000c08b0ab0,0x00000000c3f80000)
 Metaspace       used 28008K, capacity 28494K, committed 28544K, reserved 1073152K
  class space    used 3794K, capacity 3954K, committed 3968K, reserved 1048576K
}
Event: 14.290 GC heap before
{Heap before GC invocations=8 (full 1):
 PSYoungGen      total 99840K, used 99462K [0x00000000eab00000, 0x00000000f3d80000, 0x0000000100000000)
  eden space 91648K, 100% used [0x00000000eab00000,0x00000000f0480000,0x00000000f0480000)
  from space 8192K, 95% used [0x00000000f3580000,0x00000000f3d21ac8,0x00000000f3d80000)
  to   space 10752K, 0% used [0x00000000f2880000,0x00000000f2880000,0x00000000f3300000)
 ParOldGen       total 65024K, used 8898K [0x00000000c0000000, 0x00000000c3f80000, 0x00000000eab00000)
  object space 65024K, 13% used [0x00000000c0000000,0x00000000c08b0ab0,0x00000000c3f80000)
 Metaspace       used 33600K, capacity 34306K, committed 34432K, reserved 1079296K
  class space    used 4606K, capacity 4882K, committed 4992K, reserved 1048576K
Event: 14.315 GC heap after
Heap after GC invocations=8 (full 1):
 PSYoungGen      total 135680K, used 10748K [0x00000000eab00000, 0x00000000f3f00000, 0x0000000100000000)
  eden space 124928K, 0% used [0x00000000eab00000,0x00000000eab00000,0x00000000f2500000)
  from space 10752K, 99% used [0x00000000f2880000,0x00000000f32ff358,0x00000000f3300000)
  to   space 12288K, 0% used [0x00000000f3300000,0x00000000f3300000,0x00000000f3f00000)
 ParOldGen       total 65024K, used 11413K [0x00000000c0000000, 0x00000000c3f80000, 0x00000000eab00000)
  object space 65024K, 17% used [0x00000000c0000000,0x00000000c0b255a0,0x00000000c3f80000)
 Metaspace       used 33600K, capacity 34306K, committed 34432K, reserved 1079296K
  class space    used 4606K, capacity 4882K, committed 4992K, reserved 1048576K
}
Event: 17.850 GC heap before
{Heap before GC invocations=9 (full 1):
 PSYoungGen      total 135680K, used 28237K [0x00000000eab00000, 0x00000000f3f00000, 0x0000000100000000)
  eden space 124928K, 13% used [0x00000000eab00000,0x00000000ebc14428,0x00000000f2500000)
  from space 10752K, 99% used [0x00000000f2880000,0x00000000f32ff358,0x00000000f3300000)
  to   space 12288K, 0% used [0x00000000f3300000,0x00000000f3300000,0x00000000f3f00000)
 ParOldGen       total 65024K, used 11413K [0x00000000c0000000, 0x00000000c3f80000, 0x00000000eab00000)
  object space 65024K, 17% used [0x00000000c0000000,0x00000000c0b255a0,0x00000000c3f80000)
 Metaspace       used 34664K, capacity 35392K, committed 35416K, reserved 1079296K
  class space    used 4720K, capacity 4990K, committed 4992K, reserved 1048576K
Event: 17.871 GC heap after
Heap after GC invocations=9 (full 1):
 PSYoungGen      total 137728K, used 9985K [0x00000000eab00000, 0x00000000f6880000, 0x0000000100000000)
  eden space 125440K, 0% used [0x00000000eab00000,0x00000000eab00000,0x00000000f2580000)
  from space 12288K, 81% used [0x00000000f3300000,0x00000000f3cc0470,0x00000000f3f00000)
  to   space 13824K, 0% used [0x00000000f2580000,0x00000000f2580000,0x00000000f3300000)
 ParOldGen       total 65024K, used 11421K [0x00000000c0000000, 0x00000000c3f80000, 0x00000000eab00000)
  object space 65024K, 17% used [0x00000000c0000000,0x00000000c0b275a0,0x00000000c3f80000)
 Metaspace       used 34664K, capacity 35392K, committed 35416K, reserved 1079296K
  class space    used 4720K, capacity 4990K, committed 4992K, reserved 1048576K
}
Event: 17.871 GC heap before
{Heap before GC invocations=10 (full 2):
 PSYoungGen      total 137728K, used 9985K [0x00000000eab00000, 0x00000000f6880000, 0x0000000100000000)
  eden space 125440K, 0% used [0x00000000eab00000,0x00000000eab00000,0x00000000f2580000)
  from space 12288K, 81% used [0x00000000f3300000,0x00000000f3cc0470,0x00000000f3f00000)
  to   space 13824K, 0% used [0x00000000f2580000,0x00000000f2580000,0x00000000f3300000)
 ParOldGen       total 65024K, used 11421K [0x00000000c0000000, 0x00000000c3f80000, 0x00000000eab00000)
  object space 65024K, 17% used [0x00000000c0000000,0x00000000c0b275a0,0x00000000c3f80000)
 Metaspace       used 34664K, capacity 35392K, committed 35416K, reserved 1079296K
  class space    used 4720K, capacity 4990K, committed 4992K, reserved 1048576K
Event: 18.013 GC heap after
Heap after GC invocations=10 (full 2):
 PSYoungGen      total 137728K, used 0K [0x00000000eab00000, 0x00000000f6880000, 0x0000000100000000)
  eden space 125440K, 0% used [0x00000000eab00000,0x00000000eab00000,0x00000000f2580000)
  from space 12288K, 0% used [0x00000000f3300000,0x00000000f3300000,0x00000000f3f00000)
  to   space 13824K, 0% used [0x00000000f2580000,0x00000000f2580000,0x00000000f3300000)
 ParOldGen       total 65024K, used 16147K [0x00000000c0000000, 0x00000000c3f80000, 0x00000000eab00000)
  object space 65024K, 24% used [0x00000000c0000000,0x00000000c0fc4cd8,0x00000000c3f80000)
 Metaspace       used 34613K, capacity 35260K, committed 35416K, reserved 1079296K
  class space    used 4707K, capacity 4946K, committed 4992K, reserved 1048576K
}

